# JRE version: Java(TM) SE Runtime Environment (8.0_241-b07) (build 1.8.0_241-b07)
# Java VM: Java HotSpot(TM) 64-Bit Server VM (25.241-b07 mixed mode windows-amd64 compressed oops)
Heap:
 PSYoungGen      total 174592K, used 11677K [0x000000076bb80000, 0x000000077bc80000, 0x00000007c0000000)
  eden space 160256K, 7% used [0x000000076bb80000,0x000000076c6e7440,0x0000000775800000)
  from space 14336K, 0% used [0x000000077ae80000,0x000000077ae80000,0x000000077bc80000)
  to   space 13824K, 0% used [0x0000000775800000,0x0000000775800000,0x0000000776580000)
 ParOldGen       total 151552K, used 33732K [0x00000006c3200000, 0x00000006cc600000, 0x000000076bb80000)
  object space 151552K, 22% used [0x00000006c3200000,0x00000006c52f1358,0x00000006cc600000)
 Metaspace       used 54628K, capacity 58123K, committed 58240K, reserved 1101824K
  class space    used 7304K, capacity 7963K, committed 8064K, reserved 1048576K
GC Heap History (10 events):
Event: 2.042 GC heap before
{Heap before GC invocations=7 (full 1):
 PSYoungGen      total 135680K, used 74354K [0x000000076bb80000, 0x0000000777280000, 0x00000007c0000000)
  eden space 124928K, 50% used [0x000000076bb80000,0x000000076f9a1360,0x0000000773580000)
  from space 10752K, 99% used [0x0000000773580000,0x0000000773ffb588,0x0000000774000000)
  to   space 13312K, 0% used [0x0000000776580000,0x0000000776580000,0x0000000777280000)
 ParOldGen       total 96768K, used 8164K [0x00000006c3200000, 0x00000006c9080000, 0x000000076bb80000)
  object space 96768K, 8% used [0x00000006c3200000,0x00000006c39f9210,0x00000006c9080000)
 Metaspace       used 33201K, capacity 35357K, committed 35496K, reserved 1079296K
  class space    used 4446K, capacity 4864K, committed 4864K, reserved 1048576K
Event: 2.048 GC heap after
Heap after GC invocations=7 (full 1):
 PSYoungGen      total 173568K, used 10918K [0x000000076bb80000, 0x0000000779480000, 0x00000007c0000000)
  eden space 160256K, 0% used [0x000000076bb80000,0x000000076bb80000,0x0000000775800000)
  from space 13312K, 82% used [0x0000000776580000,0x0000000777029b20,0x0000000777280000)
  to   space 13824K, 0% used [0x0000000775800000,0x0000000775800000,0x0000000776580000)
 ParOldGen       total 96768K, used 8172K [0x00000006c3200000, 0x00000006c9080000, 0x000000076bb80000)
  object space 96768K, 8% used [0x00000006c3200000,0x00000006c39fb210,0x00000006c9080000)
 Metaspace       used 33201K, capacity 35357K, committed 35496K, reserved 1079296K
  class space    used 4446K, capacity 4864K, committed 4864K, reserved 1048576K
}
Event: 2.048 GC heap before
{Heap before GC invocations=8 (full 2):
 PSYoungGen      total 173568K, used 10918K [0x000000076bb80000, 0x0000000779480000, 0x00000007c0000000)
  eden space 160256K, 0% used [0x000000076bb80000,0x000000076bb80000,0x0000000775800000)
  from space 13312K, 82% used [0x0000000776580000,0x0000000777029b20,0x0000000777280000)
  to   space 13824K, 0% used [0x0000000775800000,0x0000000775800000,0x0000000776580000)
 ParOldGen       total 96768K, used 8172K [0x00000006c3200000, 0x00000006c9080000, 0x000000076bb80000)
  object space 96768K, 8% used [0x00000006c3200000,0x00000006c39fb210,0x00000006c9080000)
 Metaspace       used 33201K, capacity 35357K, committed 35496K, reserved 1079296K
  class space    used 4446K, capacity 4864K, committed 4864K, reserved 1048576K
Event: 2.075 GC heap after
Heap after GC invocations=8 (full 2):
 PSYoungGen      total 173568K, used 0K [0x000000076bb80000, 0x0000000779480000, 0x00000007c0000000)
  eden space 160256K, 0% used [0x000000076bb80000,0x000000076bb80000,0x0000000775800000)
  from space 13312K, 0% used [0x0000000776580000,0x0000000776580000,0x0000000777280000)
  to   space 13824K, 0% used [0x0000000775800000,0x0000000775800000,0x0000000776580000)
 ParOldGen       total 151552K, used 16002K [0x00000006c3200000, 0x00000006cc600000, 0x000000076bb80000)
  object space 151552K, 10% used [0x00000006c3200000,0x00000006c41a0918,0x00000006cc600000)
 Metaspace       used 33201K, capacity 35357K, committed 35496K, reserved 1079296K
  class space    used 4446K, capacity 4864K, committed 4864K, reserved 1048576K
}
Event: 2.879 GC heap before
{Heap before GC invocations=9 (full 2):
 PSYoungGen      total 173568K, used 160256K [0x000000076bb80000, 0x0000000779480000, 0x00000007c0000000)
  eden space 160256K, 100% used [0x000000076bb80000,0x0000000775800000,0x0000000775800000)
  from space 13312K, 0% used [0x0000000776580000,0x0000000776580000,0x0000000777280000)
  to   space 13824K, 0% used [0x0000000775800000,0x0000000775800000,0x0000000776580000)
 ParOldGen       total 151552K, used 16002K [0x00000006c3200000, 0x00000006cc600000, 0x000000076bb80000)
  object space 151552K, 10% used [0x00000006c3200000,0x00000006c41a0918,0x00000006cc600000)
 Metaspace       used 42656K, capacity 45471K, committed 45568K, reserved 1089536K
  class space    used 5786K, capacity 6330K, committed 6400K, reserved 1048576K
Event: 2.888 GC heap after
Heap after GC invocations=9 (full 2):
 PSYoungGen      total 174080K, used 11430K [0x000000076bb80000, 0x000000077bc80000, 0x00000007c0000000)
  eden space 160256K, 0% used [0x000000076bb80000,0x000000076bb80000,0x0000000775800000)
  from space 13824K, 82% used [0x0000000775800000,0x00000007763299d8,0x0000000776580000)
  to   space 14336K, 0% used [0x000000077ae80000,0x000000077ae80000,0x000000077bc80000)
 ParOldGen       total 151552K, used 16074K [0x00000006c3200000, 0x00000006cc600000, 0x000000076bb80000)
  object space 151552K, 10% used [0x00000006c3200000,0x00000006c41b2928,0x00000006cc600000)
 Metaspace       used 42656K, capacity 45471K, committed 45568K, reserved 1089536K
  class space    used 5786K, capacity 6330K, committed 6400K, reserved 1048576K
}
Event: 3.710 GC heap before
{Heap before GC invocations=10 (full 2):
 PSYoungGen      total 174080K, used 166377K [0x000000076bb80000, 0x000000077bc80000, 0x00000007c0000000)
  eden space 160256K, 96% used [0x000000076bb80000,0x00000007752d0cc8,0x0000000775800000)
  from space 13824K, 82% used [0x0000000775800000,0x00000007763299d8,0x0000000776580000)
  to   space 14336K, 0% used [0x000000077ae80000,0x000000077ae80000,0x000000077bc80000)
 ParOldGen       total 151552K, used 16074K [0x00000006c3200000, 0x00000006cc600000, 0x000000076bb80000)
  object space 151552K, 10% used [0x00000006c3200000,0x00000006c41b2928,0x00000006cc600000)
 Metaspace       used 54106K, capacity 57533K, committed 57600K, reserved 1103872K
  class space    used 7229K, capacity 7878K, committed 7936K, reserved 1048576K
Event: 3.722 GC heap after
Heap after GC invocations=10 (full 2):
 PSYoungGen      total 174592K, used 14328K [0x000000076bb80000, 0x000000077bc80000, 0x00000007c0000000)
  eden space 160256K, 0% used [0x000000076bb80000,0x000000076bb80000,0x0000000775800000)
  from space 14336K, 99% used [0x000000077ae80000,0x000000077bc7e3d8,0x000000077bc80000)
  to   space 13824K, 0% used [0x0000000775800000,0x0000000775800000,0x0000000776580000)
 ParOldGen       total 151552K, used 23502K [0x00000006c3200000, 0x00000006cc600000, 0x000000076bb80000)
  object space 151552K, 15% used [0x00000006c3200000,0x00000006c48f3b38,0x00000006cc600000)
 Metaspace       used 54106K, capacity 57533K, committed 57600K, reserved 1103872K
  class space    used 7229K, capacity 7878K, committed 7936K, reserved 1048576K
}
Event: 3.722 GC heap before
{Heap before GC invocations=11 (full 3):
 PSYoungGen      total 174592K, used 14328K [0x000000076bb80000, 0x000000077bc80000, 0x00000007c0000000)
  eden space 160256K, 0% used [0x000000076bb80000,0x000000076bb80000,0x0000000775800000)
  from space 14336K, 99% used [0x000000077ae80000,0x000000077bc7e3d8,0x000000077bc80000)
  to   space 13824K, 0% used [0x0000000775800000,0x0000000775800000,0x0000000776580000)
 ParOldGen       total 151552K, used 23502K [0x00000006c3200000, 0x00000006cc600000, 0x000000076bb80000)
  object space 151552K, 15% used [0x00000006c3200000,0x00000006c48f3b38,0x00000006cc600000)
 Metaspace       used 54106K, capacity 57533K, committed 57600K, reserved 1103872K
  class space    used 7229K, capacity 7878K, committed 7936K, reserved 1048576K
Event: 3.830 GC heap after
Heap after GC invocations=11 (full 3):
 PSYoungGen      total 174592K, used 0K [0x000000076bb80000, 0x000000077bc80000, 0x00000007c0000000)
  eden space 160256K, 0% used [0x000000076bb80000,0x000000076bb80000,0x0000000775800000)
  from space 14336K, 0% used [0x000000077ae80000,0x000000077ae80000,0x000000077bc80000)
  to   space 13824K, 0% used [0x0000000775800000,0x0000000775800000,0x0000000776580000)
 ParOldGen       total 151552K, used 33732K [0x00000006c3200000, 0x00000006cc600000, 0x000000076bb80000)
  object space 151552K, 22% used [0x00000006c3200000,0x00000006c52f1358,0x00000006cc600000)
 Metaspace       used 54106K, capacity 57533K, committed 57600K, reserved 1101824K
  class space    used 7229K, capacity 7878K, committed 7936K, reserved 1048576K
}

